<?xml version="1.0" encoding="UTF-8"?>
<!-- Generated by org.testng.reporters.JUnitReportReporter -->
<testsuite skipped="0" hostname="DELL" name="TestCases.addToCart" tests="1" failures="0" timestamp="04 Jul 2020 09:52:24 GMT" time="11.527" errors="0">
  <testcase name="addToCart" time="11.527" classname="TestCases.addToCart"/>
</testsuite> <!-- TestCases.addToCart -->
