<?xml version="1.0" encoding="UTF-8"?>
<!-- Generated by org.testng.reporters.JUnitReportReporter -->
<testsuite skipped="0" hostname="DELL" name="TestCases.lowToHigh" tests="1" failures="0" timestamp="04 Jul 2020 09:52:24 GMT" time="3.760" errors="0">
  <testcase name="lowToHigh" time="3.760" classname="TestCases.lowToHigh"/>
</testsuite> <!-- TestCases.lowToHigh -->
